# JRE version: Java(TM) SE Runtime Environment (8.0_201-b09) (build 1.8.0_201-b09)
# Java VM: Java HotSpot(TM) 64-Bit Server VM (25.201-b09 mixed mode bsd-amd64 compressed oops)
Heap:
 PSYoungGen      total 193024K, used 181690K [0x000000076ab00000, 0x000000077d680000, 0x00000007c0000000)
  eden space 178688K, 93% used [0x000000076ab00000,0x0000000774e766d0,0x0000000775980000)
  from space 14336K, 99% used [0x0000000775980000,0x0000000776778350,0x0000000776780000)
  to   space 16384K, 0% used [0x000000077c680000,0x000000077c680000,0x000000077d680000)
 ParOldGen       total 141312K, used 18127K [0x00000006c0000000, 0x00000006c8a00000, 0x000000076ab00000)
  object space 141312K, 12% used [0x00000006c0000000,0x00000006c11b3f30,0x00000006c8a00000)
 Metaspace       used 45745K, capacity 47558K, committed 47912K, reserved 1091584K
  class space    used 6015K, capacity 6370K, committed 6440K, reserved 1048576K
GC Heap History (10 events):
Event: 1.672 GC heap before
{Heap before GC invocations=5 (full 1):
 PSYoungGen      total 76288K, used 65536K [0x000000076ab00000, 0x0000000774000000, 0x00000007c0000000)
  eden space 65536K, 100% used [0x000000076ab00000,0x000000076eb00000,0x000000076eb00000)
  from space 10752K, 0% used [0x000000076eb00000,0x000000076eb00000,0x000000076f580000)
  to   space 10752K, 0% used [0x0000000773580000,0x0000000773580000,0x0000000774000000)
 ParOldGen       total 95232K, used 8558K [0x00000006c0000000, 0x00000006c5d00000, 0x000000076ab00000)
  object space 95232K, 8% used [0x00000006c0000000,0x00000006c085bb00,0x00000006c5d00000)
 Metaspace       used 25113K, capacity 25828K, committed 26112K, reserved 1071104K
  class space    used 3270K, capacity 3460K, committed 3584K, reserved 1048576K
Event: 1.678 GC heap after
Heap after GC invocations=5 (full 1):
 PSYoungGen      total 116736K, used 6798K [0x000000076ab00000, 0x0000000773c80000, 0x00000007c0000000)
  eden space 109568K, 0% used [0x000000076ab00000,0x000000076ab00000,0x0000000771600000)
  from space 7168K, 94% used [0x0000000773580000,0x0000000773c23b18,0x0000000773c80000)
  to   space 10752K, 0% used [0x0000000772780000,0x0000000772780000,0x0000000773200000)
 ParOldGen       total 95232K, used 8566K [0x00000006c0000000, 0x00000006c5d00000, 0x000000076ab00000)
  object space 95232K, 8% used [0x00000006c0000000,0x00000006c085db00,0x00000006c5d00000)
 Metaspace       used 25113K, capacity 25828K, committed 26112K, reserved 1071104K
  class space    used 3270K, capacity 3460K, committed 3584K, reserved 1048576K
}
Event: 2.470 GC heap before
{Heap before GC invocations=6 (full 1):
 PSYoungGen      total 116736K, used 116366K [0x000000076ab00000, 0x0000000773c80000, 0x00000007c0000000)
  eden space 109568K, 100% used [0x000000076ab00000,0x0000000771600000,0x0000000771600000)
  from space 7168K, 94% used [0x0000000773580000,0x0000000773c23b18,0x0000000773c80000)
  to   space 10752K, 0% used [0x0000000772780000,0x0000000772780000,0x0000000773200000)
 ParOldGen       total 95232K, used 8566K [0x00000006c0000000, 0x00000006c5d00000, 0x000000076ab00000)
  object space 95232K, 8% used [0x00000006c0000000,0x00000006c085db00,0x00000006c5d00000)
 Metaspace       used 31365K, capacity 32420K, committed 32512K, reserved 1077248K
  class space    used 4126K, capacity 4350K, committed 4352K, reserved 1048576K
Event: 2.483 GC heap after
Heap after GC invocations=6 (full 1):
 PSYoungGen      total 138240K, used 10751K [0x000000076ab00000, 0x0000000777580000, 0x00000007c0000000)
  eden space 127488K, 0% used [0x000000076ab00000,0x000000076ab00000,0x0000000772780000)
  from space 10752K, 99% used [0x0000000772780000,0x00000007731ffff8,0x0000000773200000)
  to   space 14336K, 0% used [0x0000000776780000,0x0000000776780000,0x0000000777580000)
 ParOldGen       total 95232K, used 11090K [0x00000006c0000000, 0x00000006c5d00000, 0x000000076ab00000)
  object space 95232K, 11% used [0x00000006c0000000,0x00000006c0ad48b8,0x00000006c5d00000)
 Metaspace       used 31365K, capacity 32420K, committed 32512K, reserved 1077248K
  class space    used 4126K, capacity 4350K, committed 4352K, reserved 1048576K
}
Event: 2.648 GC heap before
{Heap before GC invocations=7 (full 1):
 PSYoungGen      total 138240K, used 37767K [0x000000076ab00000, 0x0000000777580000, 0x00000007c0000000)
  eden space 127488K, 21% used [0x000000076ab00000,0x000000076c561e18,0x0000000772780000)
  from space 10752K, 99% used [0x0000000772780000,0x00000007731ffff8,0x0000000773200000)
  to   space 14336K, 0% used [0x0000000776780000,0x0000000776780000,0x0000000777580000)
 ParOldGen       total 95232K, used 11090K [0x00000006c0000000, 0x00000006c5d00000, 0x000000076ab00000)
  object space 95232K, 11% used [0x00000006c0000000,0x00000006c0ad48b8,0x00000006c5d00000)
 Metaspace       used 34345K, capacity 35430K, committed 35496K, reserved 1079296K
  class space    used 4503K, capacity 4755K, committed 4776K, reserved 1048576K
Event: 2.656 GC heap after
Heap after GC invocations=7 (full 1):
 PSYoungGen      total 193024K, used 10209K [0x000000076ab00000, 0x0000000779300000, 0x00000007c0000000)
  eden space 178688K, 0% used [0x000000076ab00000,0x000000076ab00000,0x0000000775980000)
  from space 14336K, 71% used [0x0000000776780000,0x0000000777178430,0x0000000777580000)
  to   space 14336K, 0% used [0x0000000775980000,0x0000000775980000,0x0000000776780000)
 ParOldGen       total 95232K, used 11098K [0x00000006c0000000, 0x00000006c5d00000, 0x000000076ab00000)
  object space 95232K, 11% used [0x00000006c0000000,0x00000006c0ad68b8,0x00000006c5d00000)
 Metaspace       used 34345K, capacity 35430K, committed 35496K, reserved 1079296K
  class space    used 4503K, capacity 4755K, committed 4776K, reserved 1048576K
}
Event: 2.656 GC heap before
{Heap before GC invocations=8 (full 2):
 PSYoungGen      total 193024K, used 10209K [0x000000076ab00000, 0x0000000779300000, 0x00000007c0000000)
  eden space 178688K, 0% used [0x000000076ab00000,0x000000076ab00000,0x0000000775980000)
  from space 14336K, 71% used [0x0000000776780000,0x0000000777178430,0x0000000777580000)
  to   space 14336K, 0% used [0x0000000775980000,0x0000000775980000,0x0000000776780000)
 ParOldGen       total 95232K, used 11098K [0x00000006c0000000, 0x00000006c5d00000, 0x000000076ab00000)
  object space 95232K, 11% used [0x00000006c0000000,0x00000006c0ad68b8,0x00000006c5d00000)
 Metaspace       used 34345K, capacity 35430K, committed 35496K, reserved 1079296K
  class space    used 4503K, capacity 4755K, committed 4776K, reserved 1048576K
Event: 2.699 GC heap after
Heap after GC invocations=8 (full 2):
 PSYoungGen      total 193024K, used 0K [0x000000076ab00000, 0x0000000779300000, 0x00000007c0000000)
  eden space 178688K, 0% used [0x000000076ab00000,0x000000076ab00000,0x0000000775980000)
  from space 14336K, 0% used [0x0000000776780000,0x0000000776780000,0x0000000777580000)
  to   space 14336K, 0% used [0x0000000775980000,0x0000000775980000,0x0000000776780000)
 ParOldGen       total 141312K, used 17677K [0x00000006c0000000, 0x00000006c8a00000, 0x000000076ab00000)
  object space 141312K, 12% used [0x00000006c0000000,0x00000006c11437f8,0x00000006c8a00000)
 Metaspace       used 34345K, capacity 35430K, committed 35496K, reserved 1079296K
  class space    used 4503K, capacity 4755K, committed 4776K, reserved 1048576K
}
Event: 3.879 GC heap before
{Heap before GC invocations=9 (full 2):
 PSYoungGen      total 193024K, used 178688K [0x000000076ab00000, 0x0000000779300000, 0x00000007c0000000)
  eden space 178688K, 100% used [0x000000076ab00000,0x0000000775980000,0x0000000775980000)
  from space 14336K, 0% used [0x0000000776780000,0x0000000776780000,0x0000000777580000)
  to   space 14336K, 0% used [0x0000000775980000,0x0000000775980000,0x0000000776780000)
 ParOldGen       total 141312K, used 17677K [0x00000006c0000000, 0x00000006c8a00000, 0x000000076ab00000)
  object space 141312K, 12% used [0x00000006c0000000,0x00000006c11437f8,0x00000006c8a00000)
 Metaspace       used 41684K, capacity 43366K, committed 43560K, reserved 1087488K
  class space    used 5469K, capacity 5809K, committed 5928K, reserved 1048576K
Event: 3.892 GC heap after
Heap after GC invocations=9 (full 2):
 PSYoungGen      total 193024K, used 14304K [0x000000076ab00000, 0x000000077d680000, 0x00000007c0000000)
  eden space 178688K, 0% used [0x000000076ab00000,0x000000076ab00000,0x0000000775980000)
  from space 14336K, 99% used [0x0000000775980000,0x0000000776778350,0x0000000776780000)
  to   space 16384K, 0% used [0x000000077c680000,0x000000077c680000,0x000000077d680000)
 ParOldGen       total 141312K, used 18127K [0x00000006c0000000, 0x00000006c8a00000, 0x000000076ab00000)
  object space 141312K, 12% used [0x00000006c0000000,0x00000006c11b3f30,0x00000006c8a00000)
 Metaspace       used 41684K, capacity 43366K, committed 43560K, reserved 1087488K
  class space    used 5469K, capacity 5809K, committed 5928K, reserved 1048576K
}

